<?xml version="1.0" encoding="UTF-8"?>
<testsuite name="test.DataDrivenTest" tests="15" skipped="0" failures="1" errors="0" timestamp="2018-11-24T09:31:42" hostname="admins-MacBook-Pro-88.local" time="74.552">
  <properties/>
  <testcase name="testDivide[0](6, 6, 1)" classname="test.DataDrivenTest" time="3.437"/>
  <testcase name="testDivide[1](9, 3, 3)" classname="test.DataDrivenTest" time="3.593"/>
  <testcase name="testMinus[0](3, 2, 1)" classname="test.DataDrivenTest" time="3.411"/>
  <testcase name="testMinus[1](6, 6, 0)" classname="test.DataDrivenTest" time="3.497"/>
  <testcase name="testMinus[2](7, 7, 0)" classname="test.DataDrivenTest" time="3.453"/>
  <testcase name="testMinusNSet[0]([I@16291f7f)" classname="test.DataDrivenTest" time="4.643"/>
  <testcase name="testMinusNSet[1]([I@7c8ee58b)" classname="test.DataDrivenTest" time="8.639"/>
  <testcase name="testMinusNSet[2]([I@61dc9919)" classname="test.DataDrivenTest" time="6.152"/>
  <testcase name="testMinusNSet[3]([I@2b9887e8)" classname="test.DataDrivenTest" time="7.61"/>
  <testcase name="testMinusNSet[4]([I@1438ad7e)" classname="test.DataDrivenTest" time="11.821">
    <failure message="java.lang.NumberFormatException: For input string: &quot;−9&quot;" type="java.lang.NumberFormatException">java.lang.NumberFormatException: For input string: &quot;−9&quot;
	at java.lang.NumberFormatException.forInputString(NumberFormatException.java:65)
	at java.lang.Integer.parseInt(Integer.java:580)
	at java.lang.Integer.parseInt(Integer.java:615)
	at calculatorPOM.MainPage.result(MainPage.java:69)
	at test.DataDrivenTest.testMinusNSet(DataDrivenTest.java:118)
	at sun.reflect.NativeMethodAccessorImpl.invoke0(Native Method)
	at sun.reflect.NativeMethodAccessorImpl.invoke(NativeMethodAccessorImpl.java:62)
	at sun.reflect.DelegatingMethodAccessorImpl.invoke(DelegatingMethodAccessorImpl.java:43)
	at java.lang.reflect.Method.invoke(Method.java:498)
	at org.testng.internal.MethodInvocationHelper.invokeMethod(MethodInvocationHelper.java:124)
	at org.testng.internal.Invoker.invokeMethod(Invoker.java:583)
	at org.testng.internal.Invoker.invokeTestMethod(Invoker.java:719)
	at org.testng.internal.Invoker.invokeTestMethods(Invoker.java:989)
	at org.testng.internal.TestMethodWorker.invokeTestMethods(TestMethodWorker.java:125)
	at org.testng.internal.TestMethodWorker.run(TestMethodWorker.java:109)
	at org.testng.TestRunner.privateRun(TestRunner.java:648)
	at org.testng.TestRunner.run(TestRunner.java:505)
	at org.testng.SuiteRunner.runTest(SuiteRunner.java:455)
	at org.testng.SuiteRunner.runSequentially(SuiteRunner.java:450)
	at org.testng.SuiteRunner.privateRun(SuiteRunner.java:415)
	at org.testng.SuiteRunner.run(SuiteRunner.java:364)
	at org.testng.SuiteRunnerWorker.runSuite(SuiteRunnerWorker.java:52)
	at org.testng.SuiteRunnerWorker.run(SuiteRunnerWorker.java:84)
	at org.testng.TestNG.runSuitesSequentially(TestNG.java:1208)
	at org.testng.TestNG.runSuitesLocally(TestNG.java:1137)
	at org.testng.TestNG.runSuites(TestNG.java:1049)
	at org.testng.TestNG.run(TestNG.java:1017)
	at org.gradle.api.internal.tasks.testing.testng.TestNGTestClassProcessor.runTests(TestNGTestClassProcessor.java:139)
	at org.gradle.api.internal.tasks.testing.testng.TestNGTestClassProcessor.stop(TestNGTestClassProcessor.java:89)
	at org.gradle.api.internal.tasks.testing.SuiteTestClassProcessor.stop(SuiteTestClassProcessor.java:61)
	at sun.reflect.NativeMethodAccessorImpl.invoke0(Native Method)
	at sun.reflect.NativeMethodAccessorImpl.invoke(NativeMethodAccessorImpl.java:62)
	at sun.reflect.DelegatingMethodAccessorImpl.invoke(DelegatingMethodAccessorImpl.java:43)
	at java.lang.reflect.Method.invoke(Method.java:498)
	at org.gradle.internal.dispatch.ReflectionDispatch.dispatch(ReflectionDispatch.java:35)
	at org.gradle.internal.dispatch.ReflectionDispatch.dispatch(ReflectionDispatch.java:24)
	at org.gradle.internal.dispatch.ContextClassLoaderDispatch.dispatch(ContextClassLoaderDispatch.java:32)
	at org.gradle.internal.dispatch.ProxyDispatchAdapter$DispatchingInvocationHandler.invoke(ProxyDispatchAdapter.java:93)
	at com.sun.proxy.$Proxy2.stop(Unknown Source)
	at org.gradle.api.internal.tasks.testing.worker.TestWorker.stop(TestWorker.java:131)
	at sun.reflect.NativeMethodAccessorImpl.invoke0(Native Method)
	at sun.reflect.NativeMethodAccessorImpl.invoke(NativeMethodAccessorImpl.java:62)
	at sun.reflect.DelegatingMethodAccessorImpl.invoke(DelegatingMethodAccessorImpl.java:43)
	at java.lang.reflect.Method.invoke(Method.java:498)
	at org.gradle.internal.dispatch.ReflectionDispatch.dispatch(ReflectionDispatch.java:35)
	at org.gradle.internal.dispatch.ReflectionDispatch.dispatch(ReflectionDispatch.java:24)
	at org.gradle.internal.remote.internal.hub.MessageHubBackedObjectConnection$DispatchWrapper.dispatch(MessageHubBackedObjectConnection.java:155)
	at org.gradle.internal.remote.internal.hub.MessageHubBackedObjectConnection$DispatchWrapper.dispatch(MessageHubBackedObjectConnection.java:137)
	at org.gradle.internal.remote.internal.hub.MessageHub$Handler.run(MessageHub.java:404)
	at org.gradle.internal.concurrent.ExecutorPolicy$CatchAndRecordFailures.onExecute(ExecutorPolicy.java:63)
	at org.gradle.internal.concurrent.ManagedExecutorImpl$1.run(ManagedExecutorImpl.java:46)
	at java.util.concurrent.ThreadPoolExecutor.runWorker(ThreadPoolExecutor.java:1149)
	at java.util.concurrent.ThreadPoolExecutor$Worker.run(ThreadPoolExecutor.java:624)
	at org.gradle.internal.concurrent.ThreadFactoryImpl$ManagedThreadRunnable.run(ThreadFactoryImpl.java:55)
	at java.lang.Thread.run(Thread.java:748)
</failure>
  </testcase>
  <testcase name="testMultiply[0](9, 9, 81)" classname="test.DataDrivenTest" time="3.856"/>
  <testcase name="testMultiply[1](3, 4, 12)" classname="test.DataDrivenTest" time="3.456"/>
  <testcase name="testPlus[0](5, 5, 10)" classname="test.DataDrivenTest" time="3.361"/>
  <testcase name="testPlus[1](5, 1, 6)" classname="test.DataDrivenTest" time="4.134"/>
  <testcase name="testPlus[2](1, 1, 2)" classname="test.DataDrivenTest" time="3.29"/>
  <system-out><![CDATA[INFO - MainPage - Click Clear if exists
INFO - MainPage - Click number 6
INFO - MainPage - Click : 
INFO - MainPage - Click number 6
INFO - MainPage - Click = 
INFO - MainPage - Click Clear if exists
INFO - MainPage - Click number 9
INFO - MainPage - Click : 
INFO - MainPage - Click number 3
INFO - MainPage - Click = 
INFO - MainPage - Click Clear if exists
INFO - MainPage - Click number 3
INFO - MainPage - Click - 
INFO - MainPage - Click number 2
INFO - MainPage - Click = 
INFO - MainPage - Click Clear if exists
INFO - MainPage - Click number 6
INFO - MainPage - Click - 
INFO - MainPage - Click number 6
INFO - MainPage - Click = 
INFO - MainPage - Click Clear if exists
INFO - MainPage - Click number 7
INFO - MainPage - Click - 
INFO - MainPage - Click number 7
INFO - MainPage - Click = 
INFO - MainPage - Click Clear if exists
INFO - MainPage - Click number 9
INFO - MainPage - Click - 
INFO - MainPage - Click number 1
INFO - MainPage - Click - 
INFO - MainPage - Click number 1
INFO - MainPage - Click = 
INFO - MainPage - Click Clear if exists
INFO - MainPage - Click number 9
INFO - MainPage - Click - 
INFO - MainPage - Click number 1
INFO - MainPage - Click - 
INFO - MainPage - Click number 1
INFO - MainPage - Click - 
INFO - MainPage - Click number 1
INFO - MainPage - Click - 
INFO - MainPage - Click number 1
INFO - MainPage - Click = 
INFO - MainPage - Click Clear if exists
INFO - MainPage - Click number 9
INFO - MainPage - Click - 
INFO - MainPage - Click number 1
INFO - MainPage - Click - 
INFO - MainPage - Click number 1
INFO - MainPage - Click - 
INFO - MainPage - Click number 1
INFO - MainPage - Click = 
INFO - MainPage - Click Clear if exists
INFO - MainPage - Click number 9
INFO - MainPage - Click - 
INFO - MainPage - Click number 1
INFO - MainPage - Click - 
INFO - MainPage - Click number 1
INFO - MainPage - Click - 
INFO - MainPage - Click number 1
INFO - MainPage - Click - 
INFO - MainPage - Click number 6
INFO - MainPage - Click = 
INFO - MainPage - Click Clear if exists
INFO - MainPage - Click number 9
INFO - MainPage - Click - 
INFO - MainPage - Click number 1
INFO - MainPage - Click - 
INFO - MainPage - Click number 1
INFO - MainPage - Click - 
INFO - MainPage - Click number 1
INFO - MainPage - Click - 
INFO - MainPage - Click number 6
INFO - MainPage - Click - 
INFO - MainPage - Click number 0
INFO - MainPage - Click - 
INFO - MainPage - Click number 9
INFO - MainPage - Click = 
INFO - MainPage - Click Clear if exists
INFO - MainPage - Click number 9
INFO - MainPage - Click * 
INFO - MainPage - Click number 9
INFO - MainPage - Click = 
INFO - MainPage - Click Clear if exists
INFO - MainPage - Click number 3
INFO - MainPage - Click * 
INFO - MainPage - Click number 4
INFO - MainPage - Click = 
INFO - MainPage - Click Clear if exists
INFO - MainPage - Click number 5
INFO - MainPage - Click + 
INFO - MainPage - Click number 5
INFO - MainPage - Click = 
INFO - MainPage - Click Clear if exists
INFO - MainPage - Click number 5
INFO - MainPage - Click + 
INFO - MainPage - Click number 1
INFO - MainPage - Click = 
INFO - MainPage - Click Clear if exists
INFO - MainPage - Click number 1
INFO - MainPage - Click + 
INFO - MainPage - Click number 1
INFO - MainPage - Click = 
]]></system-out>
  <system-err><![CDATA[log4j:WARN No appenders could be found for logger (org.apache.http.client.protocol.RequestAddCookies).
log4j:WARN Please initialize the log4j system properly.
log4j:WARN See http://logging.apache.org/log4j/1.2/faq.html#noconfig for more info.
]]></system-err>
</testsuite>
